[main.cpp:1478]: Not compiled with PDX_DEBUG. Memory usage info will be limited.
[main.cpp:1570]: Used RAM Map after system init [120320 KB]
[eu4application.cpp:537]: Used RAM Map at start of Init [313276 KB]
[eu4application.cpp:688]: Used RAM Map before Loading Assets [468780 KB]
[eu4application.cpp:906]: Used RAM Map before Loading Databases [473880 KB]
[eu4application.cpp:1428]: TradingPolicyDataBase Initialized [680 KB]
[eu4application.cpp:1443]: CGovernmentRankDatabase Initialized [184 KB]
[eu4application.cpp:1461]: FactionDatabase Initialized [580 KB]
[eu4application.cpp:1478]: TechnologyDatabase Phase #1 Initialized [100 KB]
[eu4application.cpp:1493]: CenterOfTradeDatabase Initialized [24 KB]
[eu4application.cpp:1514]: Static Modifiers Initialized [12 KB]
[eu4application.cpp:1529]: Event Modifiers Initialized [2372 KB]
[eu4application.cpp:1546]: Opinions Initialized [244 KB]
[eu4application.cpp:1563]: Timed Modifiers Initialized [12 KB]
[eu4application.cpp:1582]: CountryTags Initialized [268 KB]
[eu4application.cpp:1598]: PowerProjection Initialized [272 KB]
[eu4application.cpp:1613]: Scripted triggers Initialized [4540 KB]
[eu4application.cpp:1628]: Scripted effects Initialized [712 KB]
[eu4application.cpp:1644]: CultureDatabase Initialized [4012 KB]
[eu4application.cpp:1659]: ReligionDatabase Initialized [368 KB]
[eu4application.cpp:1675]: ReligiousConversionDataBase Initialized [16 KB]
[eu4application.cpp:1690]: TradeGoodsDatabase Initialized [244 KB]
[eu4application.cpp:1705]: AdvisorTypeDatabase Initialized [140 KB]
[eu4application.cpp:1722]: GovernmentReformDatabase Initialized [7592 KB]
[eu4application.cpp:1739]: GovernmentNameDatabase Initialized [672 KB]
[eu4application.cpp:1754]: GovernmentDatabase Initialized [24 KB]
[eu4application.cpp:1775]: EstateDatabase Initialized [24372 KB]
[eu4application.cpp:1790]: BuildingDatabase Initialized [268 KB]
[eu4application.cpp:1805]: DeityDatabase Initialized [8 KB]
[eu4application.cpp:1820]: FetishistCultDatabase Initialized [8 KB]
[eu4application.cpp:1840]: BuildingDatabase Initialized [4 KB]
[eu4application.cpp:1858]: TechnologyDatabase Phase #2 Initialized [-64 KB]
[countrydatabase.cpp:188]: CountryDatabase Create Countries [67712 KB]
[countrydatabase.cpp:199]: CountryDatabase SetTableSizes [275276 KB]
[eu4application.cpp:1873]: CountryDatabase Initialized [342988 KB]
[eu4application.cpp:1889]: FervorDatabase Initialized [132 KB]
[eu4application.cpp:1904]: ChurchAspectDatabase Initialized [196 KB]
[eu4application.cpp:1919]: IdeaDatabase Initialized [10432 KB]
[eu4application.cpp:1934]: ReligiousReformDatabase Initialized [8 KB]
[eu4application.cpp:1950]: CustomIdeaDataBase Initialized [456 KB]
[eu4application.cpp:1966]: NavalDoctrineDatabase Initialized [8 KB]
[eu4application.cpp:1985]: Custom Country Colors Initialized [0 KB]
[eu4application.cpp:2015]: CountryDatabaseFiles Read [7136 KB]
[eu4application.cpp:2036]: Policies Initialized [204 KB]
[eu4application.cpp:2063]: Map Initialized [162180 KB]
[eu4application.cpp:2086]: TradeNodeDatabase Initialized [21340 KB]
[eu4application.cpp:2101]: Dynamic Province Names Initialized [1084 KB]
[eu4application.cpp:2118]: Colonial Regions Initialized [112 KB]
[eu4application.cpp:2135]: Client States Initialized [4 KB]
[eu4application.cpp:2153]: Trade Companies Initialized [200 KB]
[eu4application.cpp:2169]: Trade CompaniesInvestments  Initialized [20 KB]
[eu4application.cpp:2187]: Triggered Modifiers Initialized [4 KB]
[eu4application.cpp:2203]: Province Triggered Modifiers Initialized [8 KB]
[eu4application.cpp:2219]: Revolt Triggers Initialized [296 KB]
[eu4application.cpp:2234]: AI Personality Modifiers Initialized [4 KB]
[eu4application.cpp:2249]: AI Attitude Modifiers Initialized [0 KB]
[eu4application.cpp:2271]: Imperial Reforms Initialized [152 KB]
[eu4application.cpp:2286]: Imperial Incidents Initialized [24 KB]
[eu4application.cpp:2303]: Decrees Initialized [128 KB]
[eu4application.cpp:2318]: Isolation levels Initialized [12 KB]
[eu4application.cpp:2333]: Incidents Initialized [68 KB]
[eu4application.cpp:2348]: Insults Initialized [12 KB]
[eu4application.cpp:2363]: Rebel Types Modifiers Initialized [628 KB]
[eu4application.cpp:2378]: War Goal Modifiers Initialized [64 KB]
[eu4application.cpp:2395]: Casus Belli Modifiers Initialized [40 KB]
[eu4application.cpp:2413]: TradeGoods Prices Initialized [0 KB]
[eu4application.cpp:2433]: Diplomatic Actions Initialized [8 KB]
[eu4application.cpp:2448]: Scripted Functions Initialized [256 KB]
[eu4application.cpp:2491]: Graphical unit types database Initialized [3672 KB]
[eu4application.cpp:2592]: Dynasty Colors Initialized [0 KB]
[eu4application.cpp:2620]: History Initialized [40060 KB]
[eu4application.cpp:912]: Used RAM Map after Loading Databases [1255608 KB]
[eu4application.cpp:960]: Used RAM Map After Events [1324356 KB]
[eu4application.cpp:973]: Used RAM Map after Flags [1506928 KB]
[eu4application.cpp:997]: Used RAM Map after tradenode init [1527092 KB]
[eu4application.cpp:696]: Used RAM Map after InitGame [1523544 KB]
[eu4application.cpp:1119]:      --------------------======================------------------
[eu4application.cpp:1120]: Used RAM Map before Loading Cleanup [1797584 KB]
[eu4application.cpp:1122]: Used video memory  before Loading Cleanup: 0 KB
[eu4application.cpp:1129]:      --------------------======================------------------
[eu4application.cpp:1130]: Used RAM after Loading Cleanup [1812004 KB]
[eu4application.cpp:1132]: Used video memory after Loading Cleanup: 0 KB
[frontend.cpp:952]:      --------------------======================------------------
[frontend.cpp:953]: Used RAM Map before Flags [1825520 KB]
[frontend.cpp:955]: Used video memory  before Flags: 0 KB
[frontend.cpp:959]:      --------------------======================------------------
[frontend.cpp:960]: Used RAM after flags [1825520 KB]
[frontend.cpp:962]: Used video memory after flags: 0 KB
[frontend.cpp:970]:      --------------------======================------------------
[frontend.cpp:971]: Used RAM Map before first restore device [1825524 KB]
[frontend.cpp:974]: Used video memory  before first restore device: 0 KB
[frontend.cpp:980]:      --------------------======================------------------
[frontend.cpp:981]: Used RAM after first restore device [1825940 KB]
[frontend.cpp:984]: Used video memory after first restore device: 0 KB
[frontend.cpp:1084]:      --------------------======================------------------
[frontend.cpp:1085]: Used Buffer Memory (GPU) after RestoreDeviceObjects: 0 KB
[frontend.cpp:1087]: Used Texture Memory (GPU) after RestoreDeviceObjects: 0 KB
[frontend.cpp:1089]: Used Render Target Memory (GPU) after RestoreDeviceObjects: 0 KB
[frontend.cpp:1091]: Used RAM after second restore device [1856132 KB]
[frontend.cpp:1093]: Used video memory after second restore device: 0 KB
